<?xml version="1.0" encoding="UTF-8"?>
<!-- Generated by org.testng.reporters.JUnitReportReporter -->
<testsuite hostname="LAPTOP-EH3B1NND" failures="0" tests="6" name="org.ictakerala.learnertracker.TestClass" time="33.559" errors="0" timestamp="2024-04-05T23:30:28 IST" skipped="0">
  <testcase classname="org.ictakerala.learnertracker.TestClass" name="homepage" time="0.112"/>
  <testcase classname="org.ictakerala.learnertracker.TestClass" name="trainerlogin" time="5.592"/>
  <testcase classname="org.ictakerala.learnertracker.TestClass" name="addform" time="1.297"/>
  <testcase classname="org.ictakerala.learnertracker.TestClass" name="addlearner" time="19.812"/>
  <testcase classname="org.ictakerala.learnertracker.TestClass" name="placementofficer" time="5.234"/>
  <testcase classname="org.ictakerala.learnertracker.TestClass" name="admin" time="1.512"/>
</testsuite> <!-- org.ictakerala.learnertracker.TestClass -->
